[debug] [2018-03-12T09:38:59.179Z] ----------------------------------------------------------------------
[debug] [2018-03-12T09:38:59.181Z] Command:       D:\Poomkun\My Program\node.exe C:\Users\Poomkun\AppData\Roaming\npm\node_modules\firebase-tools\bin\firebase deploy
[debug] [2018-03-12T09:38:59.182Z] CLI Version:   3.17.6
[debug] [2018-03-12T09:38:59.182Z] Platform:      win32
[debug] [2018-03-12T09:38:59.182Z] Node Version:  v9.3.0
[debug] [2018-03-12T09:38:59.215Z] Time:          Mon Mar 12 2018 16:38:59 GMT+0700 (SE Asia Standard Time)
[debug] [2018-03-12T09:38:59.215Z] ----------------------------------------------------------------------
[debug] 
[debug] [2018-03-12T09:38:59.378Z] > command requires scopes: ["email","openid","https://www.googleapis.com/auth/cloudplatformprojects.readonly","https://www.googleapis.com/auth/firebase","https://www.googleapis.com/auth/cloud-platform"]
[debug] [2018-03-12T09:38:59.378Z] > authorizing via signed-in user
[debug] [2018-03-12T09:38:59.381Z] > refreshing access token with scopes: ["email","https://www.googleapis.com/auth/cloud-platform","https://www.googleapis.com/auth/cloudplatformprojects.readonly","https://www.googleapis.com/auth/firebase","openid"]
[debug] [2018-03-12T09:38:59.381Z] >>> HTTP REQUEST POST https://www.googleapis.com/oauth2/v3/token  
 { refresh_token: '1/sPIWcpQZIXYo3Vq_brPfj1JD8jpbAYFGmJWBzU03cPfKa0bk9xICxN7UN2SfUPY-',
  client_id: '563584335869-fgrhgmd47bqnekij5i8b5pr03ho849e6.apps.googleusercontent.com',
  client_secret: 'j9iVZfS8kkCEFUPaAeJV0sAi',
  grant_type: 'refresh_token',
  scope: 'email https://www.googleapis.com/auth/cloud-platform https://www.googleapis.com/auth/cloudplatformprojects.readonly https://www.googleapis.com/auth/firebase openid' } 
 Mon Mar 12 2018 16:38:59 GMT+0700 (SE Asia Standard Time)
[info] 
[warn] !  Your CLI authentication needs to be updated to take advantage of new features.
[warn] !  Please run firebase login --reauth
[info] 
[debug] [2018-03-12T09:38:59.648Z] > command requires scopes: ["email","openid","https://www.googleapis.com/auth/cloudplatformprojects.readonly","https://www.googleapis.com/auth/firebase"]
[debug] [2018-03-12T09:38:59.649Z] > authorizing via signed-in user
[debug] [2018-03-12T09:38:59.650Z] >>> HTTP REQUEST GET https://admin.firebase.com/v1/projects/pwaworkshop101  
  
 Mon Mar 12 2018 16:38:59 GMT+0700 (SE Asia Standard Time)
[debug] [2018-03-12T09:38:59.815Z] Error: socket hang up
    at TLSSocket.onConnectEnd (_tls_wrap.js:1079:19)
    at Object.onceWrapper (events.js:254:19)
    at TLSSocket.emit (events.js:164:20)
    at endReadableNT (_stream_readable.js:1062:12)
    at process._tickCallback (internal/process/next_tick.js:152:19)
[error] 
[error] Error: Server Error. socket hang up
